2024-02-06 09:00:01,483 INFO - Application started successfully.
2024-02-06 09:05:22,907 INFO - User 'admin' logged in successfully.
2024-02-06 09:07:33,119 INFO - Database connection established.
2024-02-06 09:10:45,203 DEBUG - Fetching data from external API.
2024-02-06 09:12:56,321 INFO - Data from external API processed successfully.
2024-02-06 09:15:07,435 WARN - Attempt to access unauthorized resource by user 'guest'.
2024-02-06 09:17:18,549 INFO - Scheduled backup initiated.
2024-02-06 09:20:29,663 DEBUG - Backup process completed successfully.
2024-02-06 09:22:30,774 DEBUG - Refreshing external API token for service access.
2024-02-06 09:25:41,885 DEBUG - New API token received: fIbtuiOcA5NC3t8tjTq , second flag
2024-02-06 09:27:52,996 INFO - External API token updated successfully.
2024-02-06 09:30:04,110 INFO - User 'admin' logged out.
2024-02-06 09:32:15,224 INFO - Application shutdown initiated.
2024-02-06 10:35:16,337 INFO - Starting scheduled task: data synchronization.
2024-02-06 10:37:27,451 ERROR - Failed to synchronize data with the external service.
2024-02-06 10:39:38,565 DEBUG - Retrying data synchronization in 5 minutes.
2024-02-06 10:41:49,679 INFO - Received request for page: /settings.
2024-02-06 10:43:50,790 WARN - Missing translation key for locale: es_ES.
2024-02-06 10:46:01,904 INFO - Settings updated successfully.
2024-02-06 10:48:13,018 DEBUG - Cache miss for key: user_preferences.
2024-02-06 10:50:24,132 INFO - Cache rebuilt for key: user_preferences.
2024-02-06 10:52:35,246 WARN - Deprecated API usage detected in module: legacy_api_adapter.
2024-02-06 10:54:46,360 ERROR - Error sending email through SMTP: Connection timed out.
2024-02-06 10:56:57,474 INFO - SMTP connection re-established.
2024-02-06 10:59:08,588 DEBUG - Email queue size: 42.
2024-02-06 11:01:19,702 INFO - Starting daily report generation.
2024-02-06 11:03:30,816 WARN - Low disk space on device: /dev/sda1.
2024-02-06 11:05:41,930 ERROR - Daily report generation failed: Disk space error.
2024-02-06 11:07:53,044 DEBUG - Report generation retry scheduled.
2024-02-06 11:10:04,158 INFO - New user registration: username=jdoe.
2024-02-06 11:12:15,272 WARN - Unverified user login attempt: username=jdoe.
2024-02-06 11:14:26,386 INFO - User jdoe verified their email address.
2024-02-06 11:16:37,500 DEBUG - Session cleanup task initiated.
